Unable to capture context for thread 22384 in process 14776, can not generate back trace
Unable to capture context for thread 1308 in process 14776, can not generate back trace
Unable to capture context for thread 14440 in process 14776, can not generate back trace
Unable to capture context for thread 5324 in process 14776, can not generate back trace
Exception at PC 0x00007FFD6FBFCD29
Unable to capture context for thread 14440 in process 14776, can not generate back trace
Exception at PC 0x00007FFC6050BB93
Printing stacktrace...

Exception at PC 0x00007FFD6FBFCD29
Exception at PC 0x00007FFD6FBFCD29
Exception at PC 0x00007FFD6FBFCD29
Exception at PC 0x00007FFD6FBFCD29
Exception at PC 0x00007FFD6FBFCD29
Exception at PC 0x00007FFD6FBFCD29
Exception at PC 0x00007FFD6FBFCD29
Exception at PC 0x00007FFD6FBFCD29
Exception at PC 0x00007FFD6FBFCD29
[0]  [0x00007FFC6050BB93]
[1]  [0x00007FFC6050BB93]
[2]  [0x00007FFC6050B4A1]
[3]  [0x00007FFC6050B3EF]
[4]  [0x00007FFC604F19FE]
[5]  [0x00007FFC604F0ED1]
[6]  [0x00007FFC604F0D76]
[7]  [0x00007FFC604979F6]
[8]  [0x00007FFC60487AFB]
[9]  [0x00007FFC605AE90A]
[10]  [0x00007FFC605C9F87]
[11]  [0x00007FFC605CA05F]
[12] (BaseThreadInitThunk+0x14) [0x00007FFD70E47614]
[13] (RtlUserThreadStart+0x21) [0x00007FFD721226A1]
Done
Exception at PC 0x00007FFD6FBFCD29
Exception at PC 0x00007FFD6FBFCD29
Exception at PC 0x00007FFD6FBFCD29
Exception at PC 0x00007FFD6FBFCD29
Exception at PC 0x00007FFD6FBFCD29
Exception at PC 0x00007FFD6FBFCD29
Exception at PC 0x00007FFD6FBFCD29
Exception at PC 0x00007FFD6FBFCD29
