Unable to capture context for thread 10228 in process 2988, can not generate back trace
Exception at PC 0x00007FFC6048BB93
Printing stacktrace...

Unable to capture context for thread 10228 in process 2988, can not generate back trace
Exception at PC 0x00007FFD6FBFCD29
Exception at PC 0x00007FFD6FBFCD29
Exception at PC 0x00007FFD6FBFCD29
Exception at PC 0x00007FFD6FBFCD29
Exception at PC 0x00007FFD6FBFCD29
Exception at PC 0x00007FFD6FBFCD29
Exception at PC 0x00007FFD6FBFCD29
Exception at PC 0x00007FFD6FBFCD29
Exception at PC 0x00007FFD6FBFCD29
Exception at PC 0x00007FFD6FBFCD29
[0]  [0x00007FFC6048BB93]
[1]  [0x00007FFC6048BB93]
[2]  [0x00007FFC6048B4A1]
[3]  [0x00007FFC6048B3EF]
[4]  [0x00007FFC604719FE]
[5]  [0x00007FFC60470ED1]
[6]  [0x00007FFC60470D76]
[7]  [0x00007FFC604179F6]
[8]  [0x00007FFC60407AFB]
[9]  [0x00007FFC6052E90A]
[10]  [0x00007FFC60549F87]
[11]  [0x00007FFC6054A05F]
[12] (BaseThreadInitThunk+0x14) [0x00007FFD70E47614]
[13] (RtlUserThreadStart+0x21) [0x00007FFD721226A1]
Done
Exception at PC 0x00007FFD6FBFCD29
Exception at PC 0x00007FFD6FBFCD29
Exception at PC 0x00007FFD6FBFCD29
Exception at PC 0x00007FFD6FBFCD29
Exception at PC 0x00007FFD6FBFCD29
Exception at PC 0x00007FFD6FBFCD29
Exception at PC 0x00007FFD6FBFCD29
Exception at PC 0x00007FFD6FBFCD29
