#-----------------------------------------------------------
# Vivado v2016.2 (64-bit)
# SW Build 1577090 on Thu Jun  2 16:32:40 MDT 2016
# IP Build 1577682 on Fri Jun  3 12:00:54 MDT 2016
# Start of session at: Tue Jan 03 11:03:45 2023
# Process ID: 7408
# Current directory: C:/Users/Mostafa/Desktop/computer arc/LEC_Project/FULL_CODE
# Command line: vivado.exe -gui_launcher_event rodinguilauncherevent20432 C:\Users\Mostafa\Desktop\computer arc\LEC_Project\FULL_CODE\Lec_Project.xpr
# Log file: C:/Users/Mostafa/Desktop/computer arc/LEC_Project/FULL_CODE/vivado.log
# Journal file: C:/Users/Mostafa/Desktop/computer arc/LEC_Project/FULL_CODE\vivado.jou
#-----------------------------------------------------------
start_gui
open_project {C:/Users/Mostafa/Desktop/computer arc/LEC_Project/FULL_CODE/Lec_Project.xpr}
Scanning sources...
Finished scanning sources
INFO: [IP_Flow 19-234] Refreshing IP repositories
INFO: [IP_Flow 19-1704] No user IP repositories specified
INFO: [IP_Flow 19-2313] Loaded Vivado IP repository 'C:/xlinx/Vivado/2016.2/data/ip'.
open_project: Time (s): cpu = 00:00:14 ; elapsed = 00:00:06 . Memory (MB): peak = 791.156 ; gain = 126.066
update_compile_order -fileset sources_1
exit
INFO: [Common 17-206] Exiting Vivado at Tue Jan 03 11:40:35 2023...
